<?xml version="1.0" encoding="UTF-8"?>
<testng-results ignored="0" total="2" passed="2" failed="0" skipped="0">
  <reporter-output>
  </reporter-output>
  <suite started-at="2022-12-23T10:08:42 IST" name="Default suite" finished-at="2022-12-23T10:08:42 IST" duration-ms="68">
    <groups>
    </groups>
    <test started-at="2022-12-23T10:08:42 IST" name="Default test" finished-at="2022-12-23T10:08:42 IST" duration-ms="68">
      <class name="CodeStudio.MavenStudio.TestNGExample">
        <test-method signature="test1()[pri:0, instance:CodeStudio.MavenStudio.TestNGExample@1af2d44a]" started-at="2022-12-23T10:08:42 IST" name="test1" finished-at="2022-12-23T10:08:42 IST" duration-ms="9" status="PASS">
          <reporter-output>
          </reporter-output>
        </test-method> <!-- test1 -->
        <test-method signature="test2()[pri:0, instance:CodeStudio.MavenStudio.TestNGExample@1af2d44a]" started-at="2022-12-23T10:08:42 IST" name="test2" finished-at="2022-12-23T10:08:42 IST" duration-ms="1" status="PASS">
          <reporter-output>
          </reporter-output>
        </test-method> <!-- test2 -->
      </class> <!-- CodeStudio.MavenStudio.TestNGExample -->
    </test> <!-- Default test -->
  </suite> <!-- Default suite -->
</testng-results>
