<?xml version="1.0" encoding="UTF-8"?>
<testng-results ignored="1" total="2" passed="1" failed="0" skipped="0">
  <reporter-output>
  </reporter-output>
  <suite started-at="2022-12-25T17:18:21 IST" name="Default suite" finished-at="2022-12-25T17:18:29 IST" duration-ms="8181">
    <groups>
    </groups>
    <test started-at="2022-12-25T17:18:21 IST" name="Default test" finished-at="2022-12-25T17:18:29 IST" duration-ms="8181">
      <class name="com.mystore.testcases.TC_001">
        <test-method is-config="true" signature="setup()[pri:0, instance:com.mystore.testcases.TC_001@76a4ebf2]" started-at="2022-12-25T17:18:21 IST" name="setup" finished-at="2022-12-25T17:18:24 IST" duration-ms="3258" status="PASS">
          <reporter-output>
          </reporter-output>
        </test-method> <!-- setup -->
        <test-method signature="VerifyLoginOfRegisteredCustomer()[pri:0, instance:com.mystore.testcases.TC_001@76a4ebf2]" started-at="2022-12-25T17:18:24 IST" name="VerifyLoginOfRegisteredCustomer" finished-at="2022-12-25T17:18:29 IST" duration-ms="4583" status="PASS">
          <reporter-output>
          </reporter-output>
        </test-method> <!-- VerifyLoginOfRegisteredCustomer -->
        <test-method is-config="true" signature="tearDown()[pri:0, instance:com.mystore.testcases.TC_001@76a4ebf2]" started-at="2022-12-25T17:18:29 IST" name="tearDown" finished-at="2022-12-25T17:18:29 IST" duration-ms="269" status="PASS">
          <reporter-output>
          </reporter-output>
        </test-method> <!-- tearDown -->
      </class> <!-- com.mystore.testcases.TC_001 -->
    </test> <!-- Default test -->
  </suite> <!-- Default suite -->
</testng-results>
