<?xml version="1.0" encoding="UTF-8"?>
<!-- Generated by org.testng.reporters.JUnitXMLReporter -->
<testsuite ignored="1" hostname="DESKTOP-AFEKMFB" failures="0" tests="1" name="Default test" time="8.181" errors="0" timestamp="2022-12-25T17:18:29 IST">
  <testcase classname="com.mystore.testcases.TC_001" name="VerifyLoginOfRegisteredCustomer" time="4.583"/>
  <testcase classname="com.mystore.testcases.TC_001" name="VerifyRegistrationAndLogin" time="0.0">
    <ignored/>
  </testcase> <!-- VerifyRegistrationAndLogin -->
</testsuite> <!-- Default test -->
